<?xml version="1.0" encoding="UTF-8"?>
<testsuite xmlns:xsi="http://www.w3.org/2001/XMLSchema-instance" xsi:schemaLocation="https://maven.apache.org/surefire/maven-surefire-plugin/xsd/surefire-test-report.xsd" name="com.training.runner.Runner" time="39.161" tests="5" errors="0" skipped="0" failures="0">
  <properties>
[...]
</properties>
  <testcase name="runScenario" classname="com.training.runner.Runner" time="3.968"/>
  <testcase name="runScenario" classname="com.training.runner.Runner" time="10.594"/>
  <testcase name="runScenario" classname="com.training.runner.Runner" time="12.514"/>
  <testcase name="runScenario" classname="com.training.runner.Runner" time="8.314"/>
  <testcase name="runScenario" classname="com.training.runner.Runner" time="2.979"/>
</testsuite>