<?xml version="1.0" encoding="UTF-8"?>
<testng-results ignored="0" total="5" passed="5" failed="0" skipped="0">
  <reporter-output>
  </reporter-output>
  <suite started-at="2022-05-28T12:08:20 PDT" name="Surefire suite" finished-at="2022-05-28T12:09:36 PDT" duration-ms="75859">
    <groups>
      <group name="cucumber">
        <method signature="AbstractTestNGCucumberTests.runScenario(io.cucumber.testng.PickleWrapper,io.cucumber.testng.FeatureWrapper)[pri:0, instance:com.training.runner.Runner@1bb5a082]" name="runScenario" class="io.cucumber.testng.AbstractTestNGCucumberTests"/>
      </group> <!-- cucumber -->
    </groups>
    <test started-at="2022-05-28T12:08:20 PDT" name="Surefire test" finished-at="2022-05-28T12:09:36 PDT" duration-ms="75859">
      <class name="com.training.runner.Runner">
        <test-method is-config="true" signature="setUpClass(org.testng.ITestContext)[pri:0, instance:com.training.runner.Runner@1bb5a082]" started-at="2022-05-28T12:08:20 PDT" name="setUpClass" finished-at="2022-05-28T12:08:21 PDT" duration-ms="1092" status="PASS">
          <params>
            <param index="0">
              <value>
                <![CDATA[org.testng.TestRunner@5e1a5f]]>
              </value>
            </param>
          </params>
          <reporter-output>
          </reporter-output>
        </test-method> <!-- setUpClass -->
        <test-method signature="runScenario(io.cucumber.testng.PickleWrapper,io.cucumber.testng.FeatureWrapper)[pri:0, instance:com.training.runner.Runner@1bb5a082]" started-at="2022-05-28T12:08:21 PDT" name="runScenario" description="Runs Cucumber Scenarios" data-provider="scenarios" finished-at="2022-05-28T12:08:29 PDT" duration-ms="7866" status="PASS">
          <params>
            <param index="0">
              <value>
                <![CDATA["Login with empty password"]]>
              </value>
            </param>
            <param index="1">
              <value>
                <![CDATA["Login to the Salesforce application"]]>
              </value>
            </param>
          </params>
          <reporter-output>
          </reporter-output>
        </test-method> <!-- runScenario -->
        <test-method signature="runScenario(io.cucumber.testng.PickleWrapper,io.cucumber.testng.FeatureWrapper)[pri:0, instance:com.training.runner.Runner@1bb5a082]" started-at="2022-05-28T12:08:29 PDT" name="runScenario" description="Runs Cucumber Scenarios" data-provider="scenarios" finished-at="2022-05-28T12:08:43 PDT" duration-ms="13391" status="PASS">
          <params>
            <param index="0">
              <value>
                <![CDATA["Login with correct username and password"]]>
              </value>
            </param>
            <param index="1">
              <value>
                <![CDATA["Login to the Salesforce application"]]>
              </value>
            </param>
          </params>
          <reporter-output>
          </reporter-output>
        </test-method> <!-- runScenario -->
        <test-method signature="runScenario(io.cucumber.testng.PickleWrapper,io.cucumber.testng.FeatureWrapper)[pri:0, instance:com.training.runner.Runner@1bb5a082]" started-at="2022-05-28T12:08:43 PDT" name="runScenario" description="Runs Cucumber Scenarios" data-provider="scenarios" finished-at="2022-05-28T12:08:56 PDT" duration-ms="13929" status="PASS">
          <params>
            <param index="0">
              <value>
                <![CDATA["remember username when remember checkbox is selected"]]>
              </value>
            </param>
            <param index="1">
              <value>
                <![CDATA["Login to the Salesforce application"]]>
              </value>
            </param>
          </params>
          <reporter-output>
          </reporter-output>
        </test-method> <!-- runScenario -->
        <test-method signature="runScenario(io.cucumber.testng.PickleWrapper,io.cucumber.testng.FeatureWrapper)[pri:0, instance:com.training.runner.Runner@1bb5a082]" started-at="2022-05-28T12:08:56 PDT" name="runScenario" description="Runs Cucumber Scenarios" data-provider="scenarios" finished-at="2022-05-28T12:09:27 PDT" duration-ms="30255" status="PASS">
          <params>
            <param index="0">
              <value>
                <![CDATA["Forgot Password"]]>
              </value>
            </param>
            <param index="1">
              <value>
                <![CDATA["Login to the Salesforce application"]]>
              </value>
            </param>
          </params>
          <reporter-output>
          </reporter-output>
        </test-method> <!-- runScenario -->
        <test-method signature="runScenario(io.cucumber.testng.PickleWrapper,io.cucumber.testng.FeatureWrapper)[pri:0, instance:com.training.runner.Runner@1bb5a082]" started-at="2022-05-28T12:09:27 PDT" name="runScenario" description="Runs Cucumber Scenarios" data-provider="scenarios" finished-at="2022-05-28T12:09:36 PDT" duration-ms="9197" status="PASS">
          <params>
            <param index="0">
              <value>
                <![CDATA["Wrong username and password"]]>
              </value>
            </param>
            <param index="1">
              <value>
                <![CDATA["Login to the Salesforce application"]]>
              </value>
            </param>
          </params>
          <reporter-output>
          </reporter-output>
        </test-method> <!-- runScenario -->
        <test-method is-config="true" signature="tearDownClass()[pri:0, instance:com.training.runner.Runner@1bb5a082]" started-at="2022-05-28T12:09:36 PDT" name="tearDownClass" finished-at="2022-05-28T12:09:36 PDT" duration-ms="81" status="PASS">
          <reporter-output>
          </reporter-output>
        </test-method> <!-- tearDownClass -->
      </class> <!-- com.training.runner.Runner -->
    </test> <!-- Surefire test -->
  </suite> <!-- Surefire suite -->
</testng-results>
